/home/krystianm/CODE/CODE_REPOS/ROS_DIRECTORY/workspace/install/py_pubsub/lib/python3.10/site-packages/py_pubsub/nemo.py
/home/krystianm/CODE/CODE_REPOS/ROS_DIRECTORY/workspace/install/py_pubsub/lib/python3.10/site-packages/py_pubsub/pid.py
/home/krystianm/CODE/CODE_REPOS/ROS_DIRECTORY/workspace/install/py_pubsub/lib/python3.10/site-packages/py_pubsub/gui.py
/home/krystianm/CODE/CODE_REPOS/ROS_DIRECTORY/workspace/install/py_pubsub/lib/python3.10/site-packages/py_pubsub/__init__.py
/home/krystianm/CODE/CODE_REPOS/ROS_DIRECTORY/workspace/install/py_pubsub/lib/python3.10/site-packages/py_pubsub/__pycache__/nemo.cpython-310.pyc
/home/krystianm/CODE/CODE_REPOS/ROS_DIRECTORY/workspace/install/py_pubsub/lib/python3.10/site-packages/py_pubsub/__pycache__/pid.cpython-310.pyc
/home/krystianm/CODE/CODE_REPOS/ROS_DIRECTORY/workspace/install/py_pubsub/lib/python3.10/site-packages/py_pubsub/__pycache__/gui.cpython-310.pyc
/home/krystianm/CODE/CODE_REPOS/ROS_DIRECTORY/workspace/install/py_pubsub/lib/python3.10/site-packages/py_pubsub/__pycache__/__init__.cpython-310.pyc
/home/krystianm/CODE/CODE_REPOS/ROS_DIRECTORY/workspace/install/py_pubsub/share/ament_index/resource_index/packages/py_pubsub
/home/krystianm/CODE/CODE_REPOS/ROS_DIRECTORY/workspace/install/py_pubsub/share/py_pubsub/package.xml
/home/krystianm/CODE/CODE_REPOS/ROS_DIRECTORY/workspace/install/py_pubsub/lib/python3.10/site-packages/py_pubsub-0.0.0-py3.10.egg-info/requires.txt
/home/krystianm/CODE/CODE_REPOS/ROS_DIRECTORY/workspace/install/py_pubsub/lib/python3.10/site-packages/py_pubsub-0.0.0-py3.10.egg-info/entry_points.txt
/home/krystianm/CODE/CODE_REPOS/ROS_DIRECTORY/workspace/install/py_pubsub/lib/python3.10/site-packages/py_pubsub-0.0.0-py3.10.egg-info/top_level.txt
/home/krystianm/CODE/CODE_REPOS/ROS_DIRECTORY/workspace/install/py_pubsub/lib/python3.10/site-packages/py_pubsub-0.0.0-py3.10.egg-info/SOURCES.txt
/home/krystianm/CODE/CODE_REPOS/ROS_DIRECTORY/workspace/install/py_pubsub/lib/python3.10/site-packages/py_pubsub-0.0.0-py3.10.egg-info/dependency_links.txt
/home/krystianm/CODE/CODE_REPOS/ROS_DIRECTORY/workspace/install/py_pubsub/lib/python3.10/site-packages/py_pubsub-0.0.0-py3.10.egg-info/PKG-INFO
/home/krystianm/CODE/CODE_REPOS/ROS_DIRECTORY/workspace/install/py_pubsub/lib/python3.10/site-packages/py_pubsub-0.0.0-py3.10.egg-info/zip-safe
/home/krystianm/CODE/CODE_REPOS/ROS_DIRECTORY/workspace/install/py_pubsub/lib/py_pubsub/gui
/home/krystianm/CODE/CODE_REPOS/ROS_DIRECTORY/workspace/install/py_pubsub/lib/py_pubsub/nemo
/home/krystianm/CODE/CODE_REPOS/ROS_DIRECTORY/workspace/install/py_pubsub/lib/py_pubsub/pid
