[0.385s] Invoking command in '/root/rosdir/src/py_pubsub': PYTHONPATH=/root/rosdir/install/py_pubsub/lib/python3.8/site-packages:${PYTHONPATH} /usr/bin/python3 setup.py egg_info --egg-base ../../build/py_pubsub build --build-base /root/rosdir/build/py_pubsub/build install --prefix /root/rosdir/install/py_pubsub --record /root/rosdir/build/py_pubsub/install.log --single-version-externally-managed
[0.697s] running egg_info
[0.698s] writing ../../build/py_pubsub/py_pubsub.egg-info/PKG-INFO
[0.698s] writing dependency_links to ../../build/py_pubsub/py_pubsub.egg-info/dependency_links.txt
[0.698s] writing entry points to ../../build/py_pubsub/py_pubsub.egg-info/entry_points.txt
[0.699s] writing requirements to ../../build/py_pubsub/py_pubsub.egg-info/requires.txt
[0.699s] writing top-level names to ../../build/py_pubsub/py_pubsub.egg-info/top_level.txt
[0.764s] reading manifest file '../../build/py_pubsub/py_pubsub.egg-info/SOURCES.txt'
[0.765s] writing manifest file '../../build/py_pubsub/py_pubsub.egg-info/SOURCES.txt'
[0.766s] running build
[0.766s] running build_py
[0.766s] copying py_pubsub/publisher_member_function.py -> /root/rosdir/build/py_pubsub/build/lib/py_pubsub
[0.767s] running install
[0.768s] running install_lib
[0.769s] copying /root/rosdir/build/py_pubsub/build/lib/py_pubsub/publisher_member_function.py -> /root/rosdir/install/py_pubsub/lib/python3.8/site-packages/py_pubsub
[0.769s] byte-compiling /root/rosdir/install/py_pubsub/lib/python3.8/site-packages/py_pubsub/publisher_member_function.py to publisher_member_function.cpython-38.pyc
[0.773s] running install_data
[0.773s] running install_egg_info
[0.775s] removing '/root/rosdir/install/py_pubsub/lib/python3.8/site-packages/py_pubsub-0.0.0-py3.8.egg-info' (and everything under it)
[0.776s] Copying ../../build/py_pubsub/py_pubsub.egg-info to /root/rosdir/install/py_pubsub/lib/python3.8/site-packages/py_pubsub-0.0.0-py3.8.egg-info
[0.777s] running install_scripts
[0.814s] Installing talker script to /root/rosdir/install/py_pubsub/lib/py_pubsub
[0.815s] writing list of installed files to '/root/rosdir/build/py_pubsub/install.log'
[0.876s] Invoked command in '/root/rosdir/src/py_pubsub' returned '0': PYTHONPATH=/root/rosdir/install/py_pubsub/lib/python3.8/site-packages:${PYTHONPATH} /usr/bin/python3 setup.py egg_info --egg-base ../../build/py_pubsub build --build-base /root/rosdir/build/py_pubsub/build install --prefix /root/rosdir/install/py_pubsub --record /root/rosdir/build/py_pubsub/install.log --single-version-externally-managed
