[0.427s] Invoking command in '/root/rosdir/src/py_pubsub': PYTHONPATH=/root/rosdir/install/py_pubsub/lib/python3.8/site-packages:${PYTHONPATH} /usr/bin/python3 setup.py egg_info --egg-base ../../build/py_pubsub build --build-base /root/rosdir/build/py_pubsub/build install --prefix /root/rosdir/install/py_pubsub --record /root/rosdir/build/py_pubsub/install.log --single-version-externally-managed
[0.741s] running egg_info
[0.742s] writing ../../build/py_pubsub/py_pubsub.egg-info/PKG-INFO
[0.742s] writing dependency_links to ../../build/py_pubsub/py_pubsub.egg-info/dependency_links.txt
[0.742s] writing entry points to ../../build/py_pubsub/py_pubsub.egg-info/entry_points.txt
[0.743s] writing requirements to ../../build/py_pubsub/py_pubsub.egg-info/requires.txt
[0.743s] writing top-level names to ../../build/py_pubsub/py_pubsub.egg-info/top_level.txt
[0.808s] reading manifest file '../../build/py_pubsub/py_pubsub.egg-info/SOURCES.txt'
[0.810s] writing manifest file '../../build/py_pubsub/py_pubsub.egg-info/SOURCES.txt'
[0.810s] running build
[0.810s] running build_py
[0.810s] running install
[0.812s] running install_lib
[0.814s] running install_data
[0.815s] running install_egg_info
[0.817s] removing '/root/rosdir/install/py_pubsub/lib/python3.8/site-packages/py_pubsub-0.0.0-py3.8.egg-info' (and everything under it)
[0.818s] Copying ../../build/py_pubsub/py_pubsub.egg-info to /root/rosdir/install/py_pubsub/lib/python3.8/site-packages/py_pubsub-0.0.0-py3.8.egg-info
[0.819s] running install_scripts
[0.854s] Installing talker script to /root/rosdir/install/py_pubsub/lib/py_pubsub
[0.855s] writing list of installed files to '/root/rosdir/build/py_pubsub/install.log'
[0.914s] Invoked command in '/root/rosdir/src/py_pubsub' returned '0': PYTHONPATH=/root/rosdir/install/py_pubsub/lib/python3.8/site-packages:${PYTHONPATH} /usr/bin/python3 setup.py egg_info --egg-base ../../build/py_pubsub build --build-base /root/rosdir/build/py_pubsub/build install --prefix /root/rosdir/install/py_pubsub --record /root/rosdir/build/py_pubsub/install.log --single-version-externally-managed
