[0.396s] Invoking command in '/root/rosdir/src/py_pubsub': PYTHONPATH=/root/rosdir/install/py_pubsub/lib/python3.8/site-packages:${PYTHONPATH} /usr/bin/python3 setup.py egg_info --egg-base ../../build/py_pubsub build --build-base /root/rosdir/build/py_pubsub/build install --prefix /root/rosdir/install/py_pubsub --record /root/rosdir/build/py_pubsub/install.log --single-version-externally-managed
[0.724s] running egg_info
[0.726s] writing ../../build/py_pubsub/py_pubsub.egg-info/PKG-INFO
[0.726s] writing dependency_links to ../../build/py_pubsub/py_pubsub.egg-info/dependency_links.txt
[0.727s] writing entry points to ../../build/py_pubsub/py_pubsub.egg-info/entry_points.txt
[0.727s] writing requirements to ../../build/py_pubsub/py_pubsub.egg-info/requires.txt
[0.728s] writing top-level names to ../../build/py_pubsub/py_pubsub.egg-info/top_level.txt
[0.806s] reading manifest file '../../build/py_pubsub/py_pubsub.egg-info/SOURCES.txt'
[0.807s] writing manifest file '../../build/py_pubsub/py_pubsub.egg-info/SOURCES.txt'
[0.808s] running build
[0.808s] running build_py
[0.808s] copying py_pubsub/sub.py -> /root/rosdir/build/py_pubsub/build/lib/py_pubsub
[0.809s] running install
[0.812s] running install_lib
[0.813s] copying /root/rosdir/build/py_pubsub/build/lib/py_pubsub/sub.py -> /root/rosdir/install/py_pubsub/lib/python3.8/site-packages/py_pubsub
[0.813s] byte-compiling /root/rosdir/install/py_pubsub/lib/python3.8/site-packages/py_pubsub/sub.py to sub.cpython-38.pyc
[0.816s] running install_data
[0.817s] running install_egg_info
[0.819s] removing '/root/rosdir/install/py_pubsub/lib/python3.8/site-packages/py_pubsub-0.0.0-py3.8.egg-info' (and everything under it)
[0.819s] Copying ../../build/py_pubsub/py_pubsub.egg-info to /root/rosdir/install/py_pubsub/lib/python3.8/site-packages/py_pubsub-0.0.0-py3.8.egg-info
[0.821s] running install_scripts
[0.856s] Installing listen script to /root/rosdir/install/py_pubsub/lib/py_pubsub
[0.856s] Installing talker script to /root/rosdir/install/py_pubsub/lib/py_pubsub
[0.856s] writing list of installed files to '/root/rosdir/build/py_pubsub/install.log'
[0.904s] Invoked command in '/root/rosdir/src/py_pubsub' returned '0': PYTHONPATH=/root/rosdir/install/py_pubsub/lib/python3.8/site-packages:${PYTHONPATH} /usr/bin/python3 setup.py egg_info --egg-base ../../build/py_pubsub build --build-base /root/rosdir/build/py_pubsub/build install --prefix /root/rosdir/install/py_pubsub --record /root/rosdir/build/py_pubsub/install.log --single-version-externally-managed
