[0.386s] Invoking command in '/root/rosdir/src/py_pubsub': PYTHONPATH=/root/rosdir/install/py_pubsub/lib/python3.8/site-packages:${PYTHONPATH} /usr/bin/python3 setup.py egg_info --egg-base ../../build/py_pubsub build --build-base /root/rosdir/build/py_pubsub/build install --prefix /root/rosdir/install/py_pubsub --record /root/rosdir/build/py_pubsub/install.log --single-version-externally-managed
[0.694s] running egg_info
[0.695s] creating ../../build/py_pubsub/py_pubsub.egg-info
[0.695s] writing ../../build/py_pubsub/py_pubsub.egg-info/PKG-INFO
[0.695s] writing dependency_links to ../../build/py_pubsub/py_pubsub.egg-info/dependency_links.txt
[0.695s] writing entry points to ../../build/py_pubsub/py_pubsub.egg-info/entry_points.txt
[0.696s] writing requirements to ../../build/py_pubsub/py_pubsub.egg-info/requires.txt
[0.696s] writing top-level names to ../../build/py_pubsub/py_pubsub.egg-info/top_level.txt
[0.697s] writing manifest file '../../build/py_pubsub/py_pubsub.egg-info/SOURCES.txt'
[0.765s] reading manifest file '../../build/py_pubsub/py_pubsub.egg-info/SOURCES.txt'
[0.767s] writing manifest file '../../build/py_pubsub/py_pubsub.egg-info/SOURCES.txt'
[0.767s] running build
[0.768s] running build_py
[0.768s] creating /root/rosdir/build/py_pubsub/build
[0.768s] creating /root/rosdir/build/py_pubsub/build/lib
[0.768s] creating /root/rosdir/build/py_pubsub/build/lib/py_pubsub
[0.768s] copying py_pubsub/publisher_member_function.py -> /root/rosdir/build/py_pubsub/build/lib/py_pubsub
[0.768s] copying py_pubsub/__init__.py -> /root/rosdir/build/py_pubsub/build/lib/py_pubsub
[0.768s] running install
[0.770s] running install_lib
[0.775s] creating /root/rosdir/install/py_pubsub/lib/python3.8/site-packages/py_pubsub
[0.775s] copying /root/rosdir/build/py_pubsub/build/lib/py_pubsub/publisher_member_function.py -> /root/rosdir/install/py_pubsub/lib/python3.8/site-packages/py_pubsub
[0.775s] copying /root/rosdir/build/py_pubsub/build/lib/py_pubsub/__init__.py -> /root/rosdir/install/py_pubsub/lib/python3.8/site-packages/py_pubsub
[0.776s] byte-compiling /root/rosdir/install/py_pubsub/lib/python3.8/site-packages/py_pubsub/publisher_member_function.py to publisher_member_function.cpython-38.pyc
[0.780s] byte-compiling /root/rosdir/install/py_pubsub/lib/python3.8/site-packages/py_pubsub/__init__.py to __init__.cpython-38.pyc
[0.781s] running install_data
[0.781s] creating /root/rosdir/install/py_pubsub/share/ament_index
[0.781s] creating /root/rosdir/install/py_pubsub/share/ament_index/resource_index
[0.781s] creating /root/rosdir/install/py_pubsub/share/ament_index/resource_index/packages
[0.781s] copying resource/py_pubsub -> /root/rosdir/install/py_pubsub/share/ament_index/resource_index/packages
[0.782s] copying package.xml -> /root/rosdir/install/py_pubsub/share/py_pubsub
[0.782s] running install_egg_info
[0.784s] Copying ../../build/py_pubsub/py_pubsub.egg-info to /root/rosdir/install/py_pubsub/lib/python3.8/site-packages/py_pubsub-0.0.0-py3.8.egg-info
[0.785s] running install_scripts
[0.813s] Installing talker script to /root/rosdir/install/py_pubsub/lib/py_pubsub
[0.814s] writing list of installed files to '/root/rosdir/build/py_pubsub/install.log'
[0.871s] Invoked command in '/root/rosdir/src/py_pubsub' returned '0': PYTHONPATH=/root/rosdir/install/py_pubsub/lib/python3.8/site-packages:${PYTHONPATH} /usr/bin/python3 setup.py egg_info --egg-base ../../build/py_pubsub build --build-base /root/rosdir/build/py_pubsub/build install --prefix /root/rosdir/install/py_pubsub --record /root/rosdir/build/py_pubsub/install.log --single-version-externally-managed
