running egg_info
creating ../build/lin_ang_pkg/lin_ang_pkg.egg-info
writing ../build/lin_ang_pkg/lin_ang_pkg.egg-info/PKG-INFO
writing dependency_links to ../build/lin_ang_pkg/lin_ang_pkg.egg-info/dependency_links.txt
writing entry points to ../build/lin_ang_pkg/lin_ang_pkg.egg-info/entry_points.txt
writing requirements to ../build/lin_ang_pkg/lin_ang_pkg.egg-info/requires.txt
writing top-level names to ../build/lin_ang_pkg/lin_ang_pkg.egg-info/top_level.txt
writing manifest file '../build/lin_ang_pkg/lin_ang_pkg.egg-info/SOURCES.txt'
reading manifest file '../build/lin_ang_pkg/lin_ang_pkg.egg-info/SOURCES.txt'
writing manifest file '../build/lin_ang_pkg/lin_ang_pkg.egg-info/SOURCES.txt'
running build
running build_py
creating /root/rosdir/build/lin_ang_pkg/build
creating /root/rosdir/build/lin_ang_pkg/build/lib
creating /root/rosdir/build/lin_ang_pkg/build/lib/lin_ang_pkg
copying lin_ang_pkg/__init__.py -> /root/rosdir/build/lin_ang_pkg/build/lib/lin_ang_pkg
copying lin_ang_pkg/lin_ang_node.py -> /root/rosdir/build/lin_ang_pkg/build/lib/lin_ang_pkg
running install
running install_lib
creating /root/rosdir/install/lin_ang_pkg/lib/python3.8/site-packages/lin_ang_pkg
copying /root/rosdir/build/lin_ang_pkg/build/lib/lin_ang_pkg/__init__.py -> /root/rosdir/install/lin_ang_pkg/lib/python3.8/site-packages/lin_ang_pkg
copying /root/rosdir/build/lin_ang_pkg/build/lib/lin_ang_pkg/lin_ang_node.py -> /root/rosdir/install/lin_ang_pkg/lib/python3.8/site-packages/lin_ang_pkg
byte-compiling /root/rosdir/install/lin_ang_pkg/lib/python3.8/site-packages/lin_ang_pkg/__init__.py to __init__.cpython-38.pyc
byte-compiling /root/rosdir/install/lin_ang_pkg/lib/python3.8/site-packages/lin_ang_pkg/lin_ang_node.py to lin_ang_node.cpython-38.pyc
running install_data
creating /root/rosdir/install/lin_ang_pkg/share/ament_index
creating /root/rosdir/install/lin_ang_pkg/share/ament_index/resource_index
creating /root/rosdir/install/lin_ang_pkg/share/ament_index/resource_index/packages
copying resource/lin_ang_pkg -> /root/rosdir/install/lin_ang_pkg/share/ament_index/resource_index/packages
copying package.xml -> /root/rosdir/install/lin_ang_pkg/share/lin_ang_pkg
running install_egg_info
Copying ../build/lin_ang_pkg/lin_ang_pkg.egg-info to /root/rosdir/install/lin_ang_pkg/lib/python3.8/site-packages/lin_ang_pkg-0.0.0-py3.8.egg-info
running install_scripts
Installing lin_ang_node script to /root/rosdir/install/lin_ang_pkg/lib/lin_ang_pkg
writing list of installed files to '/root/rosdir/build/lin_ang_pkg/install.log'
