[0.456s] Invoking command in '/root/rosdir/src/py_pubsub': PYTHONPATH=/root/rosdir/install/py_pubsub/lib/python3.8/site-packages:${PYTHONPATH} /usr/bin/python3 setup.py egg_info --egg-base ../../build/py_pubsub build --build-base /root/rosdir/build/py_pubsub/build install --prefix /root/rosdir/install/py_pubsub --record /root/rosdir/build/py_pubsub/install.log --single-version-externally-managed
[0.774s] running egg_info
[0.775s] writing ../../build/py_pubsub/py_pubsub.egg-info/PKG-INFO
[0.775s] writing dependency_links to ../../build/py_pubsub/py_pubsub.egg-info/dependency_links.txt
[0.775s] writing entry points to ../../build/py_pubsub/py_pubsub.egg-info/entry_points.txt
[0.776s] writing requirements to ../../build/py_pubsub/py_pubsub.egg-info/requires.txt
[0.776s] writing top-level names to ../../build/py_pubsub/py_pubsub.egg-info/top_level.txt
[0.841s] reading manifest file '../../build/py_pubsub/py_pubsub.egg-info/SOURCES.txt'
[0.843s] writing manifest file '../../build/py_pubsub/py_pubsub.egg-info/SOURCES.txt'
[0.844s] running build
[0.844s] running build_py
[0.844s] copying py_pubsub/sub.py -> /root/rosdir/build/py_pubsub/build/lib/py_pubsub
[0.845s] running install
[0.846s] running install_lib
[0.848s] copying /root/rosdir/build/py_pubsub/build/lib/py_pubsub/sub.py -> /root/rosdir/install/py_pubsub/lib/python3.8/site-packages/py_pubsub
[0.849s] byte-compiling /root/rosdir/install/py_pubsub/lib/python3.8/site-packages/py_pubsub/sub.py to sub.cpython-38.pyc
[0.852s] running install_data
[0.852s] running install_egg_info
[0.855s] removing '/root/rosdir/install/py_pubsub/lib/python3.8/site-packages/py_pubsub-0.0.0-py3.8.egg-info' (and everything under it)
[0.855s] Copying ../../build/py_pubsub/py_pubsub.egg-info to /root/rosdir/install/py_pubsub/lib/python3.8/site-packages/py_pubsub-0.0.0-py3.8.egg-info
[0.857s] running install_scripts
[0.893s] Installing listen script to /root/rosdir/install/py_pubsub/lib/py_pubsub
[0.894s] Installing talker script to /root/rosdir/install/py_pubsub/lib/py_pubsub
[0.895s] writing list of installed files to '/root/rosdir/build/py_pubsub/install.log'
[0.946s] Invoked command in '/root/rosdir/src/py_pubsub' returned '0': PYTHONPATH=/root/rosdir/install/py_pubsub/lib/python3.8/site-packages:${PYTHONPATH} /usr/bin/python3 setup.py egg_info --egg-base ../../build/py_pubsub build --build-base /root/rosdir/build/py_pubsub/build install --prefix /root/rosdir/install/py_pubsub --record /root/rosdir/build/py_pubsub/install.log --single-version-externally-managed
