[0.414s] Invoking command in '/root/rosdir/src/py_pubsub': PYTHONPATH=/root/rosdir/install/py_pubsub/lib/python3.8/site-packages:${PYTHONPATH} /usr/bin/python3 setup.py egg_info --egg-base ../../build/py_pubsub build --build-base /root/rosdir/build/py_pubsub/build install --prefix /root/rosdir/install/py_pubsub --record /root/rosdir/build/py_pubsub/install.log --single-version-externally-managed
[0.729s] running egg_info
[0.732s] writing ../../build/py_pubsub/py_pubsub.egg-info/PKG-INFO
[0.732s] writing dependency_links to ../../build/py_pubsub/py_pubsub.egg-info/dependency_links.txt
[0.733s] writing entry points to ../../build/py_pubsub/py_pubsub.egg-info/entry_points.txt
[0.733s] writing requirements to ../../build/py_pubsub/py_pubsub.egg-info/requires.txt
[0.733s] writing top-level names to ../../build/py_pubsub/py_pubsub.egg-info/top_level.txt
[0.812s] reading manifest file '../../build/py_pubsub/py_pubsub.egg-info/SOURCES.txt'
[0.813s] writing manifest file '../../build/py_pubsub/py_pubsub.egg-info/SOURCES.txt'
[0.813s] running build
[0.813s] running build_py
[0.813s] copying py_pubsub/publisher_member_function.py -> /root/rosdir/build/py_pubsub/build/lib/py_pubsub
[0.813s] running install
[0.815s] running install_lib
[0.817s] copying /root/rosdir/build/py_pubsub/build/lib/py_pubsub/publisher_member_function.py -> /root/rosdir/install/py_pubsub/lib/python3.8/site-packages/py_pubsub
[0.817s] byte-compiling /root/rosdir/install/py_pubsub/lib/python3.8/site-packages/py_pubsub/publisher_member_function.py to publisher_member_function.cpython-38.pyc
[0.820s] running install_data
[0.821s] running install_egg_info
[0.824s] removing '/root/rosdir/install/py_pubsub/lib/python3.8/site-packages/py_pubsub-0.0.0-py3.8.egg-info' (and everything under it)
[0.824s] Copying ../../build/py_pubsub/py_pubsub.egg-info to /root/rosdir/install/py_pubsub/lib/python3.8/site-packages/py_pubsub-0.0.0-py3.8.egg-info
[0.826s] running install_scripts
[0.862s] Installing talker script to /root/rosdir/install/py_pubsub/lib/py_pubsub
[0.863s] writing list of installed files to '/root/rosdir/build/py_pubsub/install.log'
[0.909s] Invoked command in '/root/rosdir/src/py_pubsub' returned '0': PYTHONPATH=/root/rosdir/install/py_pubsub/lib/python3.8/site-packages:${PYTHONPATH} /usr/bin/python3 setup.py egg_info --egg-base ../../build/py_pubsub build --build-base /root/rosdir/build/py_pubsub/build install --prefix /root/rosdir/install/py_pubsub --record /root/rosdir/build/py_pubsub/install.log --single-version-externally-managed
