[0.392s] Invoking command in '/root/rosdir/src/py_pubsub': PYTHONPATH=/root/rosdir/install/py_pubsub/lib/python3.8/site-packages:${PYTHONPATH} /usr/bin/python3 setup.py egg_info --egg-base ../../build/py_pubsub build --build-base /root/rosdir/build/py_pubsub/build install --prefix /root/rosdir/install/py_pubsub --record /root/rosdir/build/py_pubsub/install.log --single-version-externally-managed
[0.700s] running egg_info
[0.701s] writing ../../build/py_pubsub/py_pubsub.egg-info/PKG-INFO
[0.702s] writing dependency_links to ../../build/py_pubsub/py_pubsub.egg-info/dependency_links.txt
[0.702s] writing entry points to ../../build/py_pubsub/py_pubsub.egg-info/entry_points.txt
[0.703s] writing requirements to ../../build/py_pubsub/py_pubsub.egg-info/requires.txt
[0.703s] writing top-level names to ../../build/py_pubsub/py_pubsub.egg-info/top_level.txt
[0.777s] reading manifest file '../../build/py_pubsub/py_pubsub.egg-info/SOURCES.txt'
[0.778s] writing manifest file '../../build/py_pubsub/py_pubsub.egg-info/SOURCES.txt'
[0.778s] running build
[0.778s] running build_py
[0.779s] running install
[0.782s] running install_lib
[0.786s] running install_data
[0.787s] running install_egg_info
[0.792s] removing '/root/rosdir/install/py_pubsub/lib/python3.8/site-packages/py_pubsub-0.0.0-py3.8.egg-info' (and everything under it)
[0.793s] Copying ../../build/py_pubsub/py_pubsub.egg-info to /root/rosdir/install/py_pubsub/lib/python3.8/site-packages/py_pubsub-0.0.0-py3.8.egg-info
[0.794s] running install_scripts
[0.827s] Installing listen script to /root/rosdir/install/py_pubsub/lib/py_pubsub
[0.828s] Installing talker script to /root/rosdir/install/py_pubsub/lib/py_pubsub
[0.829s] writing list of installed files to '/root/rosdir/build/py_pubsub/install.log'
[0.884s] Invoked command in '/root/rosdir/src/py_pubsub' returned '0': PYTHONPATH=/root/rosdir/install/py_pubsub/lib/python3.8/site-packages:${PYTHONPATH} /usr/bin/python3 setup.py egg_info --egg-base ../../build/py_pubsub build --build-base /root/rosdir/build/py_pubsub/build install --prefix /root/rosdir/install/py_pubsub --record /root/rosdir/build/py_pubsub/install.log --single-version-externally-managed
