[0.356s] Invoking command in '/home/krystianm/CODE/CODE_REPOS/ROS_DIRECTORY/workspace/src/py_pubsub': PYTHONPATH=/home/krystianm/CODE/CODE_REPOS/ROS_DIRECTORY/workspace/build/py_pubsub/prefix_override:/home/krystianm/CODE/CODE_REPOS/ROS_DIRECTORY/workspace/install/py_pubsub/lib/python3.10/site-packages:${PYTHONPATH} /usr/bin/python3 setup.py egg_info --egg-base ../../build/py_pubsub build --build-base /home/krystianm/CODE/CODE_REPOS/ROS_DIRECTORY/workspace/build/py_pubsub/build install --record /home/krystianm/CODE/CODE_REPOS/ROS_DIRECTORY/workspace/build/py_pubsub/install.log --single-version-externally-managed
[0.480s] running egg_info
[0.480s] writing ../../build/py_pubsub/py_pubsub.egg-info/PKG-INFO
[0.480s] writing dependency_links to ../../build/py_pubsub/py_pubsub.egg-info/dependency_links.txt
[0.480s] writing entry points to ../../build/py_pubsub/py_pubsub.egg-info/entry_points.txt
[0.480s] writing requirements to ../../build/py_pubsub/py_pubsub.egg-info/requires.txt
[0.480s] writing top-level names to ../../build/py_pubsub/py_pubsub.egg-info/top_level.txt
[0.482s] reading manifest file '../../build/py_pubsub/py_pubsub.egg-info/SOURCES.txt'
[0.488s] writing manifest file '../../build/py_pubsub/py_pubsub.egg-info/SOURCES.txt'
[0.488s] running build
[0.488s] running build_py
[0.488s] copying py_pubsub/nemo.py -> /home/krystianm/CODE/CODE_REPOS/ROS_DIRECTORY/workspace/build/py_pubsub/build/lib/py_pubsub
[0.489s] copying py_pubsub/pid.py -> /home/krystianm/CODE/CODE_REPOS/ROS_DIRECTORY/workspace/build/py_pubsub/build/lib/py_pubsub
[0.489s] copying py_pubsub/gui.py -> /home/krystianm/CODE/CODE_REPOS/ROS_DIRECTORY/workspace/build/py_pubsub/build/lib/py_pubsub
[0.489s] running install
[0.489s] /usr/lib/python3/dist-packages/setuptools/command/install.py:34: SetuptoolsDeprecationWarning: setup.py install is deprecated. Use build and pip and other standards-based tools.
[0.489s]   warnings.warn(
[0.489s] running install_lib
[0.490s] copying /home/krystianm/CODE/CODE_REPOS/ROS_DIRECTORY/workspace/build/py_pubsub/build/lib/py_pubsub/nemo.py -> /home/krystianm/CODE/CODE_REPOS/ROS_DIRECTORY/workspace/install/py_pubsub/lib/python3.10/site-packages/py_pubsub
[0.490s] copying /home/krystianm/CODE/CODE_REPOS/ROS_DIRECTORY/workspace/build/py_pubsub/build/lib/py_pubsub/pid.py -> /home/krystianm/CODE/CODE_REPOS/ROS_DIRECTORY/workspace/install/py_pubsub/lib/python3.10/site-packages/py_pubsub
[0.490s] copying /home/krystianm/CODE/CODE_REPOS/ROS_DIRECTORY/workspace/build/py_pubsub/build/lib/py_pubsub/gui.py -> /home/krystianm/CODE/CODE_REPOS/ROS_DIRECTORY/workspace/install/py_pubsub/lib/python3.10/site-packages/py_pubsub
[0.490s] byte-compiling /home/krystianm/CODE/CODE_REPOS/ROS_DIRECTORY/workspace/install/py_pubsub/lib/python3.10/site-packages/py_pubsub/nemo.py to nemo.cpython-310.pyc
[0.491s] byte-compiling /home/krystianm/CODE/CODE_REPOS/ROS_DIRECTORY/workspace/install/py_pubsub/lib/python3.10/site-packages/py_pubsub/pid.py to pid.cpython-310.pyc
[0.491s] byte-compiling /home/krystianm/CODE/CODE_REPOS/ROS_DIRECTORY/workspace/install/py_pubsub/lib/python3.10/site-packages/py_pubsub/gui.py to gui.cpython-310.pyc
[0.491s] running install_data
[0.492s] running install_egg_info
[0.493s] removing '/home/krystianm/CODE/CODE_REPOS/ROS_DIRECTORY/workspace/install/py_pubsub/lib/python3.10/site-packages/py_pubsub-0.0.0-py3.10.egg-info' (and everything under it)
[0.493s] Copying ../../build/py_pubsub/py_pubsub.egg-info to /home/krystianm/CODE/CODE_REPOS/ROS_DIRECTORY/workspace/install/py_pubsub/lib/python3.10/site-packages/py_pubsub-0.0.0-py3.10.egg-info
[0.494s] running install_scripts
[0.511s] Installing puber script to /home/krystianm/CODE/CODE_REPOS/ROS_DIRECTORY/workspace/install/py_pubsub/lib/py_pubsub
[0.511s] Installing suber script to /home/krystianm/CODE/CODE_REPOS/ROS_DIRECTORY/workspace/install/py_pubsub/lib/py_pubsub
[0.511s] writing list of installed files to '/home/krystianm/CODE/CODE_REPOS/ROS_DIRECTORY/workspace/build/py_pubsub/install.log'
[0.530s] Invoked command in '/home/krystianm/CODE/CODE_REPOS/ROS_DIRECTORY/workspace/src/py_pubsub' returned '0': PYTHONPATH=/home/krystianm/CODE/CODE_REPOS/ROS_DIRECTORY/workspace/build/py_pubsub/prefix_override:/home/krystianm/CODE/CODE_REPOS/ROS_DIRECTORY/workspace/install/py_pubsub/lib/python3.10/site-packages:${PYTHONPATH} /usr/bin/python3 setup.py egg_info --egg-base ../../build/py_pubsub build --build-base /home/krystianm/CODE/CODE_REPOS/ROS_DIRECTORY/workspace/build/py_pubsub/build install --record /home/krystianm/CODE/CODE_REPOS/ROS_DIRECTORY/workspace/build/py_pubsub/install.log --single-version-externally-managed
