[0.417s] Invoking command in '/root/rosdir/src/py_pubsub': PYTHONPATH=/root/rosdir/install/py_pubsub/lib/python3.8/site-packages:${PYTHONPATH} /usr/bin/python3 setup.py egg_info --egg-base ../../build/py_pubsub build --build-base /root/rosdir/build/py_pubsub/build install --prefix /root/rosdir/install/py_pubsub --record /root/rosdir/build/py_pubsub/install.log --single-version-externally-managed
[0.731s] running egg_info
[0.733s] writing ../../build/py_pubsub/py_pubsub.egg-info/PKG-INFO
[0.733s] writing dependency_links to ../../build/py_pubsub/py_pubsub.egg-info/dependency_links.txt
[0.734s] writing entry points to ../../build/py_pubsub/py_pubsub.egg-info/entry_points.txt
[0.734s] writing requirements to ../../build/py_pubsub/py_pubsub.egg-info/requires.txt
[0.734s] writing top-level names to ../../build/py_pubsub/py_pubsub.egg-info/top_level.txt
[0.800s] reading manifest file '../../build/py_pubsub/py_pubsub.egg-info/SOURCES.txt'
[0.802s] writing manifest file '../../build/py_pubsub/py_pubsub.egg-info/SOURCES.txt'
[0.802s] running build
[0.802s] running build_py
[0.802s] copying py_pubsub/publisher_member_function.py -> /root/rosdir/build/py_pubsub/build/lib/py_pubsub
[0.803s] running install
[0.804s] running install_lib
[0.809s] copying /root/rosdir/build/py_pubsub/build/lib/py_pubsub/publisher_member_function.py -> /root/rosdir/install/py_pubsub/lib/python3.8/site-packages/py_pubsub
[0.810s] byte-compiling /root/rosdir/install/py_pubsub/lib/python3.8/site-packages/py_pubsub/publisher_member_function.py to publisher_member_function.cpython-38.pyc
[0.813s] running install_data
[0.814s] running install_egg_info
[0.816s] removing '/root/rosdir/install/py_pubsub/lib/python3.8/site-packages/py_pubsub-0.0.0-py3.8.egg-info' (and everything under it)
[0.817s] Copying ../../build/py_pubsub/py_pubsub.egg-info to /root/rosdir/install/py_pubsub/lib/python3.8/site-packages/py_pubsub-0.0.0-py3.8.egg-info
[0.817s] running install_scripts
[0.855s] Installing talker script to /root/rosdir/install/py_pubsub/lib/py_pubsub
[0.855s] writing list of installed files to '/root/rosdir/build/py_pubsub/install.log'
[0.914s] Invoked command in '/root/rosdir/src/py_pubsub' returned '0': PYTHONPATH=/root/rosdir/install/py_pubsub/lib/python3.8/site-packages:${PYTHONPATH} /usr/bin/python3 setup.py egg_info --egg-base ../../build/py_pubsub build --build-base /root/rosdir/build/py_pubsub/build install --prefix /root/rosdir/install/py_pubsub --record /root/rosdir/build/py_pubsub/install.log --single-version-externally-managed
