[0.363s] Invoking command in '/home/krystianm/CODE/CODE_REPOS/ROS_DIRECTORY/workspace/src/py_pubsub': CONDA_PROMPT_MODIFIER=(cenv) PYTHONPATH=/home/krystianm/CODE/CODE_REPOS/ROS_DIRECTORY/workspace/build/py_pubsub/prefix_override:/home/krystianm/CODE/CODE_REPOS/ROS_DIRECTORY/workspace/install/py_pubsub/lib/python3.10/site-packages:${PYTHONPATH} /usr/bin/python3 setup.py egg_info --egg-base ../../build/py_pubsub build --build-base /home/krystianm/CODE/CODE_REPOS/ROS_DIRECTORY/workspace/build/py_pubsub/build install --record /home/krystianm/CODE/CODE_REPOS/ROS_DIRECTORY/workspace/build/py_pubsub/install.log --single-version-externally-managed
[0.499s] running egg_info
[0.500s] writing ../../build/py_pubsub/py_pubsub.egg-info/PKG-INFO
[0.500s] writing dependency_links to ../../build/py_pubsub/py_pubsub.egg-info/dependency_links.txt
[0.500s] writing entry points to ../../build/py_pubsub/py_pubsub.egg-info/entry_points.txt
[0.500s] writing requirements to ../../build/py_pubsub/py_pubsub.egg-info/requires.txt
[0.500s] writing top-level names to ../../build/py_pubsub/py_pubsub.egg-info/top_level.txt
[0.502s] reading manifest file '../../build/py_pubsub/py_pubsub.egg-info/SOURCES.txt'
[0.502s] writing manifest file '../../build/py_pubsub/py_pubsub.egg-info/SOURCES.txt'
[0.503s] /usr/lib/python3/dist-packages/setuptools/command/install.py:34: SetuptoolsDeprecationWarning: setup.py install is deprecated. Use build and pip and other standards-based tools.
[0.504s]   warnings.warn(
[0.504s] running build
[0.504s] running build_py
[0.504s] copying py_pubsub/publ.py -> /home/krystianm/CODE/CODE_REPOS/ROS_DIRECTORY/workspace/build/py_pubsub/build/lib/py_pubsub
[0.505s] running install
[0.505s] running install_lib
[0.505s] copying /home/krystianm/CODE/CODE_REPOS/ROS_DIRECTORY/workspace/build/py_pubsub/build/lib/py_pubsub/publ.py -> /home/krystianm/CODE/CODE_REPOS/ROS_DIRECTORY/workspace/install/py_pubsub/lib/python3.10/site-packages/py_pubsub
[0.505s] byte-compiling /home/krystianm/CODE/CODE_REPOS/ROS_DIRECTORY/workspace/install/py_pubsub/lib/python3.10/site-packages/py_pubsub/publ.py to publ.cpython-310.pyc
[0.505s] running install_data
[0.505s] running install_egg_info
[0.507s] removing '/home/krystianm/CODE/CODE_REPOS/ROS_DIRECTORY/workspace/install/py_pubsub/lib/python3.10/site-packages/py_pubsub-0.0.0-py3.10.egg-info' (and everything under it)
[0.509s] Copying ../../build/py_pubsub/py_pubsub.egg-info to /home/krystianm/CODE/CODE_REPOS/ROS_DIRECTORY/workspace/install/py_pubsub/lib/python3.10/site-packages/py_pubsub-0.0.0-py3.10.egg-info
[0.510s] running install_scripts
[0.529s] Installing puber script to /home/krystianm/CODE/CODE_REPOS/ROS_DIRECTORY/workspace/install/py_pubsub/lib/py_pubsub
[0.529s] Installing suber script to /home/krystianm/CODE/CODE_REPOS/ROS_DIRECTORY/workspace/install/py_pubsub/lib/py_pubsub
[0.529s] writing list of installed files to '/home/krystianm/CODE/CODE_REPOS/ROS_DIRECTORY/workspace/build/py_pubsub/install.log'
[0.545s] Invoked command in '/home/krystianm/CODE/CODE_REPOS/ROS_DIRECTORY/workspace/src/py_pubsub' returned '0': CONDA_PROMPT_MODIFIER=(cenv) PYTHONPATH=/home/krystianm/CODE/CODE_REPOS/ROS_DIRECTORY/workspace/build/py_pubsub/prefix_override:/home/krystianm/CODE/CODE_REPOS/ROS_DIRECTORY/workspace/install/py_pubsub/lib/python3.10/site-packages:${PYTHONPATH} /usr/bin/python3 setup.py egg_info --egg-base ../../build/py_pubsub build --build-base /home/krystianm/CODE/CODE_REPOS/ROS_DIRECTORY/workspace/build/py_pubsub/build install --record /home/krystianm/CODE/CODE_REPOS/ROS_DIRECTORY/workspace/build/py_pubsub/install.log --single-version-externally-managed
