[0.368s] Invoking command in '/root/rosdir/src/py_pubsub': PYTHONPATH=/root/rosdir/install/py_pubsub/lib/python3.8/site-packages:${PYTHONPATH} /usr/bin/python3 setup.py egg_info --egg-base ../../build/py_pubsub build --build-base /root/rosdir/build/py_pubsub/build install --prefix /root/rosdir/install/py_pubsub --record /root/rosdir/build/py_pubsub/install.log --single-version-externally-managed
[0.686s] running egg_info
[0.687s] writing ../../build/py_pubsub/py_pubsub.egg-info/PKG-INFO
[0.687s] writing dependency_links to ../../build/py_pubsub/py_pubsub.egg-info/dependency_links.txt
[0.688s] writing entry points to ../../build/py_pubsub/py_pubsub.egg-info/entry_points.txt
[0.688s] writing requirements to ../../build/py_pubsub/py_pubsub.egg-info/requires.txt
[0.690s] writing top-level names to ../../build/py_pubsub/py_pubsub.egg-info/top_level.txt
[0.755s] reading manifest file '../../build/py_pubsub/py_pubsub.egg-info/SOURCES.txt'
[0.757s] writing manifest file '../../build/py_pubsub/py_pubsub.egg-info/SOURCES.txt'
[0.757s] running build
[0.758s] running build_py
[0.758s] running install
[0.760s] running install_lib
[0.762s] running install_data
[0.763s] copying package.xml -> /root/rosdir/install/py_pubsub/share/py_pubsub
[0.763s] running install_egg_info
[0.766s] removing '/root/rosdir/install/py_pubsub/lib/python3.8/site-packages/py_pubsub-0.0.0-py3.8.egg-info' (and everything under it)
[0.767s] Copying ../../build/py_pubsub/py_pubsub.egg-info to /root/rosdir/install/py_pubsub/lib/python3.8/site-packages/py_pubsub-0.0.0-py3.8.egg-info
[0.768s] running install_scripts
[0.806s] Installing talker script to /root/rosdir/install/py_pubsub/lib/py_pubsub
[0.806s] writing list of installed files to '/root/rosdir/build/py_pubsub/install.log'
[0.842s] Invoked command in '/root/rosdir/src/py_pubsub' returned '0': PYTHONPATH=/root/rosdir/install/py_pubsub/lib/python3.8/site-packages:${PYTHONPATH} /usr/bin/python3 setup.py egg_info --egg-base ../../build/py_pubsub build --build-base /root/rosdir/build/py_pubsub/build install --prefix /root/rosdir/install/py_pubsub --record /root/rosdir/build/py_pubsub/install.log --single-version-externally-managed
