[0.436s] Invoking command in '/root/rosdir/ROS_DIRECTORY/src/py_pubsub': PYTHONPATH=/root/rosdir/ROS_DIRECTORY/install/py_pubsub/lib/python3.8/site-packages:${PYTHONPATH} /usr/bin/python3 setup.py egg_info --egg-base ../../build/py_pubsub build --build-base /root/rosdir/ROS_DIRECTORY/build/py_pubsub/build install --prefix /root/rosdir/ROS_DIRECTORY/install/py_pubsub --record /root/rosdir/ROS_DIRECTORY/build/py_pubsub/install.log --single-version-externally-managed
[0.792s] running egg_info
[0.793s] writing ../../build/py_pubsub/py_pubsub.egg-info/PKG-INFO
[0.794s] writing dependency_links to ../../build/py_pubsub/py_pubsub.egg-info/dependency_links.txt
[0.794s] writing entry points to ../../build/py_pubsub/py_pubsub.egg-info/entry_points.txt
[0.794s] writing requirements to ../../build/py_pubsub/py_pubsub.egg-info/requires.txt
[0.794s] writing top-level names to ../../build/py_pubsub/py_pubsub.egg-info/top_level.txt
[0.868s] reading manifest file '../../build/py_pubsub/py_pubsub.egg-info/SOURCES.txt'
[0.870s] writing manifest file '../../build/py_pubsub/py_pubsub.egg-info/SOURCES.txt'
[0.870s] running build
[0.870s] running build_py
[0.871s] running install
[0.874s] running install_lib
[0.879s] running install_data
[0.882s] running install_egg_info
[0.885s] removing '/root/rosdir/ROS_DIRECTORY/install/py_pubsub/lib/python3.8/site-packages/py_pubsub-0.0.0-py3.8.egg-info' (and everything under it)
[0.887s] Copying ../../build/py_pubsub/py_pubsub.egg-info to /root/rosdir/ROS_DIRECTORY/install/py_pubsub/lib/python3.8/site-packages/py_pubsub-0.0.0-py3.8.egg-info
[0.889s] running install_scripts
[0.930s] Installing listen script to /root/rosdir/ROS_DIRECTORY/install/py_pubsub/lib/py_pubsub
[0.930s] Installing talker script to /root/rosdir/ROS_DIRECTORY/install/py_pubsub/lib/py_pubsub
[0.930s] writing list of installed files to '/root/rosdir/ROS_DIRECTORY/build/py_pubsub/install.log'
[0.998s] Invoked command in '/root/rosdir/ROS_DIRECTORY/src/py_pubsub' returned '0': PYTHONPATH=/root/rosdir/ROS_DIRECTORY/install/py_pubsub/lib/python3.8/site-packages:${PYTHONPATH} /usr/bin/python3 setup.py egg_info --egg-base ../../build/py_pubsub build --build-base /root/rosdir/ROS_DIRECTORY/build/py_pubsub/build install --prefix /root/rosdir/ROS_DIRECTORY/install/py_pubsub --record /root/rosdir/ROS_DIRECTORY/build/py_pubsub/install.log --single-version-externally-managed
