[0.556s] Invoking command in '/root/rosdir/ROS_DIRECTORY/src/py_pubsub': PYTHONPATH=/root/rosdir/ROS_DIRECTORY/install/py_pubsub/lib/python3.8/site-packages:${PYTHONPATH} /usr/bin/python3 setup.py egg_info --egg-base ../../build/py_pubsub build --build-base /root/rosdir/ROS_DIRECTORY/build/py_pubsub/build install --prefix /root/rosdir/ROS_DIRECTORY/install/py_pubsub --record /root/rosdir/ROS_DIRECTORY/build/py_pubsub/install.log --single-version-externally-managed
[0.984s] running egg_info
[0.985s] writing ../../build/py_pubsub/py_pubsub.egg-info/PKG-INFO
[0.985s] writing dependency_links to ../../build/py_pubsub/py_pubsub.egg-info/dependency_links.txt
[0.986s] writing entry points to ../../build/py_pubsub/py_pubsub.egg-info/entry_points.txt
[0.986s] writing requirements to ../../build/py_pubsub/py_pubsub.egg-info/requires.txt
[0.986s] writing top-level names to ../../build/py_pubsub/py_pubsub.egg-info/top_level.txt
[1.083s] reading manifest file '../../build/py_pubsub/py_pubsub.egg-info/SOURCES.txt'
[1.085s] writing manifest file '../../build/py_pubsub/py_pubsub.egg-info/SOURCES.txt'
[1.086s] running build
[1.086s] running build_py
[1.087s] running install
[1.090s] running install_lib
[1.093s] running install_data
[1.095s] running install_egg_info
[1.100s] removing '/root/rosdir/ROS_DIRECTORY/install/py_pubsub/lib/python3.8/site-packages/py_pubsub-0.0.0-py3.8.egg-info' (and everything under it)
[1.101s] Copying ../../build/py_pubsub/py_pubsub.egg-info to /root/rosdir/ROS_DIRECTORY/install/py_pubsub/lib/python3.8/site-packages/py_pubsub-0.0.0-py3.8.egg-info
[1.102s] running install_scripts
[1.152s] Installing listen script to /root/rosdir/ROS_DIRECTORY/install/py_pubsub/lib/py_pubsub
[1.152s] Installing talker script to /root/rosdir/ROS_DIRECTORY/install/py_pubsub/lib/py_pubsub
[1.152s] writing list of installed files to '/root/rosdir/ROS_DIRECTORY/build/py_pubsub/install.log'
[1.240s] Invoked command in '/root/rosdir/ROS_DIRECTORY/src/py_pubsub' returned '0': PYTHONPATH=/root/rosdir/ROS_DIRECTORY/install/py_pubsub/lib/python3.8/site-packages:${PYTHONPATH} /usr/bin/python3 setup.py egg_info --egg-base ../../build/py_pubsub build --build-base /root/rosdir/ROS_DIRECTORY/build/py_pubsub/build install --prefix /root/rosdir/ROS_DIRECTORY/install/py_pubsub --record /root/rosdir/ROS_DIRECTORY/build/py_pubsub/install.log --single-version-externally-managed
