[0.367s] Invoking command in '/home/krystianm/CODE/CODE_REPOS/ROS_DIRECTORY/workspace/src/py_pubsub': CONDA_PROMPT_MODIFIER=(cenv) PYTHONPATH=/home/krystianm/CODE/CODE_REPOS/ROS_DIRECTORY/workspace/build/py_pubsub/prefix_override:/home/krystianm/CODE/CODE_REPOS/ROS_DIRECTORY/workspace/install/py_pubsub/lib/python3.10/site-packages:${PYTHONPATH} /usr/bin/python3 setup.py egg_info --egg-base ../../build/py_pubsub build --build-base /home/krystianm/CODE/CODE_REPOS/ROS_DIRECTORY/workspace/build/py_pubsub/build install --record /home/krystianm/CODE/CODE_REPOS/ROS_DIRECTORY/workspace/build/py_pubsub/install.log --single-version-externally-managed
[0.508s] running egg_info
[0.508s] creating ../../build/py_pubsub/py_pubsub.egg-info
[0.508s] writing ../../build/py_pubsub/py_pubsub.egg-info/PKG-INFO
[0.509s] writing dependency_links to ../../build/py_pubsub/py_pubsub.egg-info/dependency_links.txt
[0.509s] writing entry points to ../../build/py_pubsub/py_pubsub.egg-info/entry_points.txt
[0.514s] writing requirements to ../../build/py_pubsub/py_pubsub.egg-info/requires.txt
[0.514s] writing top-level names to ../../build/py_pubsub/py_pubsub.egg-info/top_level.txt
[0.514s] writing manifest file '../../build/py_pubsub/py_pubsub.egg-info/SOURCES.txt'
[0.516s] reading manifest file '../../build/py_pubsub/py_pubsub.egg-info/SOURCES.txt'
[0.517s] writing manifest file '../../build/py_pubsub/py_pubsub.egg-info/SOURCES.txt'
[0.517s] running build
[0.517s] running build_py
[0.517s] creating /home/krystianm/CODE/CODE_REPOS/ROS_DIRECTORY/workspace/build/py_pubsub/build
[0.517s] creating /home/krystianm/CODE/CODE_REPOS/ROS_DIRECTORY/workspace/build/py_pubsub/build/lib
[0.517s] creating /home/krystianm/CODE/CODE_REPOS/ROS_DIRECTORY/workspace/build/py_pubsub/build/lib/py_pubsub
[0.517s] copying py_pubsub/publ.py -> /home/krystianm/CODE/CODE_REPOS/ROS_DIRECTORY/workspace/build/py_pubsub/build/lib/py_pubsub
[0.517s] copying py_pubsub/subs.py -> /home/krystianm/CODE/CODE_REPOS/ROS_DIRECTORY/workspace/build/py_pubsub/build/lib/py_pubsub
[0.517s] copying py_pubsub/__init__.py -> /home/krystianm/CODE/CODE_REPOS/ROS_DIRECTORY/workspace/build/py_pubsub/build/lib/py_pubsub
[0.517s] running install
[0.518s] /usr/lib/python3/dist-packages/setuptools/command/install.py:34: SetuptoolsDeprecationWarning: setup.py install is deprecated. Use build and pip and other standards-based tools.
[0.518s]   warnings.warn(
[0.518s] running install_lib
[0.518s] creating /home/krystianm/CODE/CODE_REPOS/ROS_DIRECTORY/workspace/install/py_pubsub/lib/python3.10/site-packages/py_pubsub
[0.519s] copying /home/krystianm/CODE/CODE_REPOS/ROS_DIRECTORY/workspace/build/py_pubsub/build/lib/py_pubsub/publ.py -> /home/krystianm/CODE/CODE_REPOS/ROS_DIRECTORY/workspace/install/py_pubsub/lib/python3.10/site-packages/py_pubsub
[0.519s] copying /home/krystianm/CODE/CODE_REPOS/ROS_DIRECTORY/workspace/build/py_pubsub/build/lib/py_pubsub/subs.py -> /home/krystianm/CODE/CODE_REPOS/ROS_DIRECTORY/workspace/install/py_pubsub/lib/python3.10/site-packages/py_pubsub
[0.519s] copying /home/krystianm/CODE/CODE_REPOS/ROS_DIRECTORY/workspace/build/py_pubsub/build/lib/py_pubsub/__init__.py -> /home/krystianm/CODE/CODE_REPOS/ROS_DIRECTORY/workspace/install/py_pubsub/lib/python3.10/site-packages/py_pubsub
[0.519s] byte-compiling /home/krystianm/CODE/CODE_REPOS/ROS_DIRECTORY/workspace/install/py_pubsub/lib/python3.10/site-packages/py_pubsub/publ.py to publ.cpython-310.pyc
[0.520s] byte-compiling /home/krystianm/CODE/CODE_REPOS/ROS_DIRECTORY/workspace/install/py_pubsub/lib/python3.10/site-packages/py_pubsub/subs.py to subs.cpython-310.pyc
[0.520s] byte-compiling /home/krystianm/CODE/CODE_REPOS/ROS_DIRECTORY/workspace/install/py_pubsub/lib/python3.10/site-packages/py_pubsub/__init__.py to __init__.cpython-310.pyc
[0.520s] running install_data
[0.520s] creating /home/krystianm/CODE/CODE_REPOS/ROS_DIRECTORY/workspace/install/py_pubsub/share/ament_index
[0.521s] creating /home/krystianm/CODE/CODE_REPOS/ROS_DIRECTORY/workspace/install/py_pubsub/share/ament_index/resource_index
[0.521s] creating /home/krystianm/CODE/CODE_REPOS/ROS_DIRECTORY/workspace/install/py_pubsub/share/ament_index/resource_index/packages
[0.521s] copying resource/py_pubsub -> /home/krystianm/CODE/CODE_REPOS/ROS_DIRECTORY/workspace/install/py_pubsub/share/ament_index/resource_index/packages
[0.521s] copying package.xml -> /home/krystianm/CODE/CODE_REPOS/ROS_DIRECTORY/workspace/install/py_pubsub/share/py_pubsub
[0.521s] running install_egg_info
[0.522s] Copying ../../build/py_pubsub/py_pubsub.egg-info to /home/krystianm/CODE/CODE_REPOS/ROS_DIRECTORY/workspace/install/py_pubsub/lib/python3.10/site-packages/py_pubsub-0.0.0-py3.10.egg-info
[0.523s] running install_scripts
[0.542s] Installing puber script to /home/krystianm/CODE/CODE_REPOS/ROS_DIRECTORY/workspace/install/py_pubsub/lib/py_pubsub
[0.542s] Installing suber script to /home/krystianm/CODE/CODE_REPOS/ROS_DIRECTORY/workspace/install/py_pubsub/lib/py_pubsub
[0.542s] writing list of installed files to '/home/krystianm/CODE/CODE_REPOS/ROS_DIRECTORY/workspace/build/py_pubsub/install.log'
[0.559s] Invoked command in '/home/krystianm/CODE/CODE_REPOS/ROS_DIRECTORY/workspace/src/py_pubsub' returned '0': CONDA_PROMPT_MODIFIER=(cenv) PYTHONPATH=/home/krystianm/CODE/CODE_REPOS/ROS_DIRECTORY/workspace/build/py_pubsub/prefix_override:/home/krystianm/CODE/CODE_REPOS/ROS_DIRECTORY/workspace/install/py_pubsub/lib/python3.10/site-packages:${PYTHONPATH} /usr/bin/python3 setup.py egg_info --egg-base ../../build/py_pubsub build --build-base /home/krystianm/CODE/CODE_REPOS/ROS_DIRECTORY/workspace/build/py_pubsub/build install --record /home/krystianm/CODE/CODE_REPOS/ROS_DIRECTORY/workspace/build/py_pubsub/install.log --single-version-externally-managed
