[0.338s] Invoking command in '/home/krystianm/CODE/CODE_REPOS/ROS_DIRECTORY/workspace/src/py_pubsub': PYTHONPATH=/home/krystianm/CODE/CODE_REPOS/ROS_DIRECTORY/workspace/build/py_pubsub/prefix_override:/home/krystianm/CODE/CODE_REPOS/ROS_DIRECTORY/workspace/install/py_pubsub/lib/python3.10/site-packages:${PYTHONPATH} /usr/bin/python3 setup.py egg_info --egg-base ../../build/py_pubsub build --build-base /home/krystianm/CODE/CODE_REPOS/ROS_DIRECTORY/workspace/build/py_pubsub/build install --record /home/krystianm/CODE/CODE_REPOS/ROS_DIRECTORY/workspace/build/py_pubsub/install.log --single-version-externally-managed
[0.461s] running egg_info
[0.461s] writing ../../build/py_pubsub/py_pubsub.egg-info/PKG-INFO
[0.461s] writing dependency_links to ../../build/py_pubsub/py_pubsub.egg-info/dependency_links.txt
[0.461s] writing entry points to ../../build/py_pubsub/py_pubsub.egg-info/entry_points.txt
[0.462s] writing requirements to ../../build/py_pubsub/py_pubsub.egg-info/requires.txt
[0.462s] writing top-level names to ../../build/py_pubsub/py_pubsub.egg-info/top_level.txt
[0.463s] reading manifest file '../../build/py_pubsub/py_pubsub.egg-info/SOURCES.txt'
[0.464s] writing manifest file '../../build/py_pubsub/py_pubsub.egg-info/SOURCES.txt'
[0.464s] running build
[0.464s] running build_py
[0.464s] copying py_pubsub/nemo.py -> /home/krystianm/CODE/CODE_REPOS/ROS_DIRECTORY/workspace/build/py_pubsub/build/lib/py_pubsub
[0.464s] running install
[0.464s] /usr/lib/python3/dist-packages/setuptools/command/install.py:34: SetuptoolsDeprecationWarning: setup.py install is deprecated. Use build and pip and other standards-based tools.
[0.465s]   warnings.warn(
[0.465s] running install_lib
[0.465s] copying /home/krystianm/CODE/CODE_REPOS/ROS_DIRECTORY/workspace/build/py_pubsub/build/lib/py_pubsub/nemo.py -> /home/krystianm/CODE/CODE_REPOS/ROS_DIRECTORY/workspace/install/py_pubsub/lib/python3.10/site-packages/py_pubsub
[0.466s] byte-compiling /home/krystianm/CODE/CODE_REPOS/ROS_DIRECTORY/workspace/install/py_pubsub/lib/python3.10/site-packages/py_pubsub/nemo.py to nemo.cpython-310.pyc
[0.466s] running install_data
[0.467s] running install_egg_info
[0.468s] removing '/home/krystianm/CODE/CODE_REPOS/ROS_DIRECTORY/workspace/install/py_pubsub/lib/python3.10/site-packages/py_pubsub-0.0.0-py3.10.egg-info' (and everything under it)
[0.468s] Copying ../../build/py_pubsub/py_pubsub.egg-info to /home/krystianm/CODE/CODE_REPOS/ROS_DIRECTORY/workspace/install/py_pubsub/lib/python3.10/site-packages/py_pubsub-0.0.0-py3.10.egg-info
[0.469s] running install_scripts
[0.485s] Installing gui script to /home/krystianm/CODE/CODE_REPOS/ROS_DIRECTORY/workspace/install/py_pubsub/lib/py_pubsub
[0.485s] Installing nemo script to /home/krystianm/CODE/CODE_REPOS/ROS_DIRECTORY/workspace/install/py_pubsub/lib/py_pubsub
[0.485s] Installing pid script to /home/krystianm/CODE/CODE_REPOS/ROS_DIRECTORY/workspace/install/py_pubsub/lib/py_pubsub
[0.486s] writing list of installed files to '/home/krystianm/CODE/CODE_REPOS/ROS_DIRECTORY/workspace/build/py_pubsub/install.log'
[0.501s] Invoked command in '/home/krystianm/CODE/CODE_REPOS/ROS_DIRECTORY/workspace/src/py_pubsub' returned '0': PYTHONPATH=/home/krystianm/CODE/CODE_REPOS/ROS_DIRECTORY/workspace/build/py_pubsub/prefix_override:/home/krystianm/CODE/CODE_REPOS/ROS_DIRECTORY/workspace/install/py_pubsub/lib/python3.10/site-packages:${PYTHONPATH} /usr/bin/python3 setup.py egg_info --egg-base ../../build/py_pubsub build --build-base /home/krystianm/CODE/CODE_REPOS/ROS_DIRECTORY/workspace/build/py_pubsub/build install --record /home/krystianm/CODE/CODE_REPOS/ROS_DIRECTORY/workspace/build/py_pubsub/install.log --single-version-externally-managed
