[0.159s] Invoking command in '/root/rosdir/ROS_DIRECTORY/src/py_pubsub': PYTHONPATH=/root/rosdir/ROS_DIRECTORY/install/py_pubsub/lib/python3.8/site-packages:${PYTHONPATH} /usr/bin/python3 setup.py egg_info --egg-base ../../build/py_pubsub build --build-base /root/rosdir/ROS_DIRECTORY/build/py_pubsub/build install --prefix /root/rosdir/ROS_DIRECTORY/install/py_pubsub --record /root/rosdir/ROS_DIRECTORY/build/py_pubsub/install.log --single-version-externally-managed
[0.295s] running egg_info
[0.295s] writing ../../build/py_pubsub/py_pubsub.egg-info/PKG-INFO
[0.296s] writing dependency_links to ../../build/py_pubsub/py_pubsub.egg-info/dependency_links.txt
[0.296s] writing entry points to ../../build/py_pubsub/py_pubsub.egg-info/entry_points.txt
[0.296s] writing requirements to ../../build/py_pubsub/py_pubsub.egg-info/requires.txt
[0.296s] writing top-level names to ../../build/py_pubsub/py_pubsub.egg-info/top_level.txt
[0.327s] reading manifest file '../../build/py_pubsub/py_pubsub.egg-info/SOURCES.txt'
[0.328s] writing manifest file '../../build/py_pubsub/py_pubsub.egg-info/SOURCES.txt'
[0.328s] running build
[0.328s] running build_py
[0.328s] copying py_pubsub/sub.py -> /root/rosdir/ROS_DIRECTORY/build/py_pubsub/build/lib/py_pubsub
[0.329s] running install
[0.329s] running install_lib
[0.330s] copying /root/rosdir/ROS_DIRECTORY/build/py_pubsub/build/lib/py_pubsub/sub.py -> /root/rosdir/ROS_DIRECTORY/install/py_pubsub/lib/python3.8/site-packages/py_pubsub
[0.330s] byte-compiling /root/rosdir/ROS_DIRECTORY/install/py_pubsub/lib/python3.8/site-packages/py_pubsub/sub.py to sub.cpython-38.pyc
[0.331s] running install_data
[0.331s] running install_egg_info
[0.333s] removing '/root/rosdir/ROS_DIRECTORY/install/py_pubsub/lib/python3.8/site-packages/py_pubsub-0.0.0-py3.8.egg-info' (and everything under it)
[0.333s] Copying ../../build/py_pubsub/py_pubsub.egg-info to /root/rosdir/ROS_DIRECTORY/install/py_pubsub/lib/python3.8/site-packages/py_pubsub-0.0.0-py3.8.egg-info
[0.334s] running install_scripts
[0.347s] Installing listen script to /root/rosdir/ROS_DIRECTORY/install/py_pubsub/lib/py_pubsub
[0.347s] Installing talker script to /root/rosdir/ROS_DIRECTORY/install/py_pubsub/lib/py_pubsub
[0.348s] writing list of installed files to '/root/rosdir/ROS_DIRECTORY/build/py_pubsub/install.log'
[0.362s] Invoked command in '/root/rosdir/ROS_DIRECTORY/src/py_pubsub' returned '0': PYTHONPATH=/root/rosdir/ROS_DIRECTORY/install/py_pubsub/lib/python3.8/site-packages:${PYTHONPATH} /usr/bin/python3 setup.py egg_info --egg-base ../../build/py_pubsub build --build-base /root/rosdir/ROS_DIRECTORY/build/py_pubsub/build install --prefix /root/rosdir/ROS_DIRECTORY/install/py_pubsub --record /root/rosdir/ROS_DIRECTORY/build/py_pubsub/install.log --single-version-externally-managed
